
============================================================
  BULK PRICING GENERATOR
============================================================
Traceback (most recent call last):
  File "C:\BulkPricing\generate_bulk_pricing_simple.py", line 266, in <module>
    main()
    ~~~~^^
  File "C:\BulkPricing\generate_bulk_pricing_simple.py", line 204, in main
    print(f"\n\u274c File not found: {INPUT_FILE}")
    ~~~~~^^^^^^^^^^^^^^^^^^^^^^^^^^^^^^^^^^^^^^
  File "C:\Users\Administrator\Lib\encodings\cp1252.py", line 19, in encode
    return codecs.charmap_encode(input,self.errors,encoding_table)[0]
           ~~~~~~~~~~~~~~~~~~~~~^^^^^^^^^^^^^^^^^^^^^^^^^^^^^^^^^^
UnicodeEncodeError: 'charmap' codec can't encode character '\u274c' in position 2: character maps to <undefined>
16/02/2026 22:41:16.99 - Finished (exit code: 1) 
 
======================================== 
16/02/2026 22:41:22.67 - Starting bulk pricing update 
======================================== 

============================================================
  BULK PRICING GENERATOR
============================================================
Traceback (most recent call last):
  File "C:\BulkPricing\generate_bulk_pricing_simple.py", line 266, in <module>
    main()
    ~~~~^^
  File "C:\BulkPricing\generate_bulk_pricing_simple.py", line 204, in main
    print(f"\n\u274c File not found: {INPUT_FILE}")
    ~~~~~^^^^^^^^^^^^^^^^^^^^^^^^^^^^^^^^^^^^^^
  File "C:\Users\Administrator\Lib\encodings\cp1252.py", line 19, in encode
    return codecs.charmap_encode(input,self.errors,encoding_table)[0]
           ~~~~~~~~~~~~~~~~~~~~~^^^^^^^^^^^^^^^^^^^^^^^^^^^^^^^^^^
UnicodeEncodeError: 'charmap' codec can't encode character '\u274c' in position 2: character maps to <undefined>
16/02/2026 22:41:24.28 - Finished (exit code: 1) 
 
======================================== 
16/02/2026 22:41:31.43 - Starting bulk pricing update 
======================================== 

============================================================
  BULK PRICING GENERATOR
============================================================
Traceback (most recent call last):
  File "C:\BulkPricing\generate_bulk_pricing_simple.py", line 266, in <module>
    main()
    ~~~~^^
  File "C:\BulkPricing\generate_bulk_pricing_simple.py", line 204, in main
    print(f"\n\u274c File not found: {INPUT_FILE}")
    ~~~~~^^^^^^^^^^^^^^^^^^^^^^^^^^^^^^^^^^^^^^
  File "C:\Users\Administrator\Lib\encodings\cp1252.py", line 19, in encode
    return codecs.charmap_encode(input,self.errors,encoding_table)[0]
           ~~~~~~~~~~~~~~~~~~~~~^^^^^^^^^^^^^^^^^^^^^^^^^^^^^^^^^^
UnicodeEncodeError: 'charmap' codec can't encode character '\u274c' in position 2: character maps to <undefined>
16/02/2026 22:41:33.16 - Finished (exit code: 1) 
